<?xml version="1.0" encoding="UTF-8"?>
<!-- Generated by org.testng.reporters.JUnitReportReporter -->
<testsuite hostname="Anirudhs-MBP.fritz.box" failures="0" tests="1" name="tests.BaseClass" time="0.105" errors="0" timestamp="2023-03-22T18:23:23 NZDT" skipped="0">
  <testcase classname="tests.BaseClass" name="testClass" time="0.105"/>
  <system-out/>
</testsuite> <!-- tests.BaseClass -->
